# JRE version: OpenJDK Runtime Environment (21.0.1+12) (build 21.0.1+12-29)
# Java VM: OpenJDK 64-Bit Server VM (21.0.1+12-29, mixed mode, sharing, tiered, compressed oops, compressed class ptrs, g1 gc, bsd-aarch64)
Heap:
 garbage-first heap   total 133120K, used 56477K [0x0000000780000000, 0x0000000800000000)
  region size 1024K, 48 young (49152K), 1 survivors (1024K)
 Metaspace       used 15106K, committed 15424K, reserved 1114112K
  class space    used 1631K, committed 1792K, reserved 1048576K
GC Heap History (20 events):
Event: 66.087 GC heap before
{Heap before GC invocations=4 (full 0):
 garbage-first heap   total 133120K, used 85157K [0x0000000780000000, 0x0000000800000000)
  region size 1024K, 76 young (77824K), 1 survivors (1024K)
 Metaspace       used 15106K, committed 15424K, reserved 1114112K
  class space    used 1631K, committed 1792K, reserved 1048576K
}
Event: 66.088 GC heap after
{Heap after GC invocations=5 (full 0):
 garbage-first heap   total 133120K, used 8340K [0x0000000780000000, 0x0000000800000000)
  region size 1024K, 1 young (1024K), 1 survivors (1024K)
 Metaspace       used 15106K, committed 15424K, reserved 1114112K
  class space    used 1631K, committed 1792K, reserved 1048576K
}
Event: 83.430 GC heap before
{Heap before GC invocations=5 (full 0):
 garbage-first heap   total 133120K, used 85140K [0x0000000780000000, 0x0000000800000000)
  region size 1024K, 76 young (77824K), 1 survivors (1024K)
 Metaspace       used 15106K, committed 15424K, reserved 1114112K
  class space    used 1631K, committed 1792K, reserved 1048576K
}
Event: 83.432 GC heap after
{Heap after GC invocations=6 (full 0):
 garbage-first heap   total 133120K, used 8343K [0x0000000780000000, 0x0000000800000000)
  region size 1024K, 1 young (1024K), 1 survivors (1024K)
 Metaspace       used 15106K, committed 15424K, reserved 1114112K
  class space    used 1631K, committed 1792K, reserved 1048576K
}
Event: 100.900 GC heap before
{Heap before GC invocations=6 (full 0):
 garbage-first heap   total 133120K, used 85143K [0x0000000780000000, 0x0000000800000000)
  region size 1024K, 76 young (77824K), 1 survivors (1024K)
 Metaspace       used 15106K, committed 15424K, reserved 1114112K
  class space    used 1631K, committed 1792K, reserved 1048576K
}
Event: 100.902 GC heap after
{Heap after GC invocations=7 (full 0):
 garbage-first heap   total 133120K, used 8348K [0x0000000780000000, 0x0000000800000000)
  region size 1024K, 1 young (1024K), 1 survivors (1024K)
 Metaspace       used 15106K, committed 15424K, reserved 1114112K
  class space    used 1631K, committed 1792K, reserved 1048576K
}
Event: 118.314 GC heap before
{Heap before GC invocations=7 (full 0):
 garbage-first heap   total 133120K, used 85148K [0x0000000780000000, 0x0000000800000000)
  region size 1024K, 76 young (77824K), 1 survivors (1024K)
 Metaspace       used 15106K, committed 15424K, reserved 1114112K
  class space    used 1631K, committed 1792K, reserved 1048576K
}
Event: 118.316 GC heap after
{Heap after GC invocations=8 (full 0):
 garbage-first heap   total 133120K, used 8346K [0x0000000780000000, 0x0000000800000000)
  region size 1024K, 1 young (1024K), 1 survivors (1024K)
 Metaspace       used 15106K, committed 15424K, reserved 1114112K
  class space    used 1631K, committed 1792K, reserved 1048576K
}
Event: 135.773 GC heap before
{Heap before GC invocations=8 (full 0):
 garbage-first heap   total 133120K, used 85146K [0x0000000780000000, 0x0000000800000000)
  region size 1024K, 76 young (77824K), 1 survivors (1024K)
 Metaspace       used 15106K, committed 15424K, reserved 1114112K
  class space    used 1631K, committed 1792K, reserved 1048576K
}
Event: 135.775 GC heap after
{Heap after GC invocations=9 (full 0):
 garbage-first heap   total 133120K, used 8349K [0x0000000780000000, 0x0000000800000000)
  region size 1024K, 1 young (1024K), 1 survivors (1024K)
 Metaspace       used 15106K, committed 15424K, reserved 1114112K
  class space    used 1631K, committed 1792K, reserved 1048576K
}
Event: 153.252 GC heap before
{Heap before GC invocations=9 (full 0):
 garbage-first heap   total 133120K, used 85149K [0x0000000780000000, 0x0000000800000000)
  region size 1024K, 76 young (77824K), 1 survivors (1024K)
 Metaspace       used 15106K, committed 15424K, reserved 1114112K
  class space    used 1631K, committed 1792K, reserved 1048576K
}
Event: 153.255 GC heap after
{Heap after GC invocations=10 (full 0):
 garbage-first heap   total 133120K, used 8344K [0x0000000780000000, 0x0000000800000000)
  region size 1024K, 1 young (1024K), 1 survivors (1024K)
 Metaspace       used 15106K, committed 15424K, reserved 1114112K
  class space    used 1631K, committed 1792K, reserved 1048576K
}
Event: 170.737 GC heap before
{Heap before GC invocations=10 (full 0):
 garbage-first heap   total 133120K, used 85144K [0x0000000780000000, 0x0000000800000000)
  region size 1024K, 76 young (77824K), 1 survivors (1024K)
 Metaspace       used 15106K, committed 15424K, reserved 1114112K
  class space    used 1631K, committed 1792K, reserved 1048576K
}
Event: 170.739 GC heap after
{Heap after GC invocations=11 (full 0):
 garbage-first heap   total 133120K, used 8349K [0x0000000780000000, 0x0000000800000000)
  region size 1024K, 1 young (1024K), 1 survivors (1024K)
 Metaspace       used 15106K, committed 15424K, reserved 1114112K
  class space    used 1631K, committed 1792K, reserved 1048576K
}
Event: 188.111 GC heap before
{Heap before GC invocations=11 (full 0):
 garbage-first heap   total 133120K, used 85149K [0x0000000780000000, 0x0000000800000000)
  region size 1024K, 76 young (77824K), 1 survivors (1024K)
 Metaspace       used 15106K, committed 15424K, reserved 1114112K
  class space    used 1631K, committed 1792K, reserved 1048576K
}
Event: 188.113 GC heap after
{Heap after GC invocations=12 (full 0):
 garbage-first heap   total 133120K, used 8335K [0x0000000780000000, 0x0000000800000000)
  region size 1024K, 1 young (1024K), 1 survivors (1024K)
 Metaspace       used 15106K, committed 15424K, reserved 1114112K
  class space    used 1631K, committed 1792K, reserved 1048576K
}
Event: 208.979 GC heap before
{Heap before GC invocations=12 (full 0):
 garbage-first heap   total 133120K, used 85135K [0x0000000780000000, 0x0000000800000000)
  region size 1024K, 76 young (77824K), 1 survivors (1024K)
 Metaspace       used 15106K, committed 15424K, reserved 1114112K
  class space    used 1631K, committed 1792K, reserved 1048576K
}
Event: 208.985 GC heap after
{Heap after GC invocations=13 (full 0):
 garbage-first heap   total 133120K, used 8346K [0x0000000780000000, 0x0000000800000000)
  region size 1024K, 1 young (1024K), 1 survivors (1024K)
 Metaspace       used 15106K, committed 15424K, reserved 1114112K
  class space    used 1631K, committed 1792K, reserved 1048576K
}
Event: 227.294 GC heap before
{Heap before GC invocations=13 (full 0):
 garbage-first heap   total 133120K, used 85146K [0x0000000780000000, 0x0000000800000000)
  region size 1024K, 76 young (77824K), 1 survivors (1024K)
 Metaspace       used 15106K, committed 15424K, reserved 1114112K
  class space    used 1631K, committed 1792K, reserved 1048576K
}
Event: 227.310 GC heap after
{Heap after GC invocations=14 (full 0):
 garbage-first heap   total 133120K, used 8349K [0x0000000780000000, 0x0000000800000000)
  region size 1024K, 1 young (1024K), 1 survivors (1024K)
 Metaspace       used 15106K, committed 15424K, reserved 1114112K
  class space    used 1631K, committed 1792K, reserved 1048576K
}

